<?xml version="1.0" encoding="UTF-8"?>
<testng-results skipped="0" failed="0" ignored="0" total="1" passed="1">
  <reporter-output>
  </reporter-output>
  <suite name="Default suite" duration-ms="11663" started-at="2019-10-24T17:31:19 IST" finished-at="2019-10-24T17:31:30 IST">
    <groups>
    </groups>
    <test name="Default test" duration-ms="11663" started-at="2019-10-24T17:31:19 IST" finished-at="2019-10-24T17:31:30 IST">
      <class name="com.training.sanity.tests.RealestatatemeRETC_007">
        <test-method status="PASS" signature="setUpBeforeClass()[pri:0, instance:com.training.sanity.tests.RealestatatemeRETC_007@3b084709]" name="setUpBeforeClass" is-config="true" duration-ms="14" started-at="2019-10-24T17:31:19 IST" finished-at="2019-10-24T17:31:19 IST">
          <reporter-output>
          </reporter-output>
        </test-method> <!-- setUpBeforeClass -->
        <test-method status="PASS" signature="setUp()[pri:0, instance:com.training.sanity.tests.RealestatatemeRETC_007@3b084709]" name="setUp" is-config="true" duration-ms="9892" started-at="2019-10-24T17:31:19 IST" finished-at="2019-10-24T17:31:29 IST">
          <reporter-output>
          </reporter-output>
        </test-method> <!-- setUp -->
        <test-method status="PASS" signature="validTest()[pri:0, instance:com.training.sanity.tests.RealestatatemeRETC_007@3b084709]" name="validTest" duration-ms="1709" started-at="2019-10-24T17:31:29 IST" finished-at="2019-10-24T17:31:30 IST">
          <reporter-output>
          </reporter-output>
        </test-method> <!-- validTest -->
        <test-method status="PASS" signature="afterClass()[pri:0, instance:com.training.sanity.tests.RealestatatemeRETC_007@3b084709]" name="afterClass" is-config="true" duration-ms="1" started-at="2019-10-24T17:31:30 IST" finished-at="2019-10-24T17:31:30 IST">
          <reporter-output>
          </reporter-output>
        </test-method> <!-- afterClass -->
      </class> <!-- com.training.sanity.tests.RealestatatemeRETC_007 -->
    </test> <!-- Default test -->
  </suite> <!-- Default suite -->
</testng-results>
